\BOOKMARK [0][-]{chapter.1}{V\375chodiskov\341 kapitola}{}% 1
\BOOKMARK [1][-]{section.1.1}{S\351mantick\375 web}{chapter.1}% 2
\BOOKMARK [2][-]{subsection.1.1.1}{Linked Open Data}{section.1.1}% 3
\BOOKMARK [2][-]{subsection.1.1.2}{RDF}{section.1.1}% 4
\BOOKMARK [2][-]{subsection.1.1.3}{URI}{section.1.1}% 5
\BOOKMARK [2][-]{subsection.1.1.4}{Ontol\363gie a slovn\355ky}{section.1.1}% 6
\BOOKMARK [2][-]{subsection.1.1.5}{RDF Schema}{section.1.1}% 7
\BOOKMARK [2][-]{subsection.1.1.6}{OWL}{section.1.1}% 8
\BOOKMARK [2][-]{subsection.1.1.7}{SPARQL}{section.1.1}% 9
\BOOKMARK [2][-]{subsection.1.1.8}{Triplestore}{section.1.1}% 10
\BOOKMARK [1][-]{section.1.2}{Pou\236it\351 technol\363gie}{chapter.1}% 11
\BOOKMARK [2][-]{subsection.1.2.1}{Apache Jena}{section.1.2}% 12
\BOOKMARK [2][-]{subsection.1.2.2}{Spring Boot}{section.1.2}% 13
\BOOKMARK [2][-]{subsection.1.2.3}{React}{section.1.2}% 14
\BOOKMARK [1][-]{section.1.3}{Existuj\372ce rie\235enia}{chapter.1}% 15
\BOOKMARK [2][-]{subsection.1.3.1}{Varecha}{section.1.3}% 16
\BOOKMARK [2][-]{subsection.1.3.2}{Yummly}{section.1.3}% 17
\BOOKMARK [2][-]{subsection.1.3.3}{Bakal\341rska pr\341ca Inteligentn\375 recept\341r na b\341ze prepojen\375ch d\341t}{section.1.3}% 18
\BOOKMARK [0][-]{chapter.2}{N\341vrh rie\235enia}{}% 19
\BOOKMARK [1][-]{section.2.1}{N\341vrh ontol\363gie}{chapter.2}% 20
\BOOKMARK [2][-]{subsection.2.1.1}{Prot\351g\351}{section.2.1}% 21
\BOOKMARK [2][-]{subsection.2.1.2}{Existuj\372ca ontol\363gia}{section.2.1}% 22
\BOOKMARK [2][-]{subsection.2.1.3}{Navrhnut\341 ontol\363gia}{section.2.1}% 23
\BOOKMARK [1][-]{section.2.2}{Funkcionalita syst\351mu}{chapter.2}% 24
